Arguments: 
  /usr/local/Cellar/node/11.10.0/bin/node /Users/adil/.yarn/bin/yarn.js add --dev webpack awesome-typscript-loader typescript

PATH: 
  /Users/adil/.yarn/bin:/Users/adil/.config/yarn/global/node_modules/.bin:/usr/local/opt/openssl/bin:/usr/local/opt/sqlite/bin:/Users/adil/.composer/vendor/bin:/Users/adil/bin:/usr/local/bin:/usr/local/sbin:/usr/bin:/bin:/usr/sbin:/sbin:/opt/X11/bin:/Applications/Wireshark.app/Contents/MacOS:/usr/local/opt/go/libexec/bin

Yarn version: 
  1.9.4

Node version: 
  11.10.0

Platform: 
  darwin x64

Trace: 
  Error: https://registry.yarnpkg.com/awesome-typscript-loader: Not found
      at Request.params.callback [as _callback] (/Users/adil/.yarn/lib/cli.js:64202:18)
      at Request.self.callback (/Users/adil/.yarn/lib/cli.js:137468:22)
      at Request.emit (events.js:197:13)
      at Request.<anonymous> (/Users/adil/.yarn/lib/cli.js:138440:10)
      at Request.emit (events.js:197:13)
      at IncomingMessage.<anonymous> (/Users/adil/.yarn/lib/cli.js:138362:12)
      at Object.onceWrapper (events.js:285:13)
      at IncomingMessage.emit (events.js:202:15)
      at endReadableNT (_stream_readable.js:1129:12)
      at processTicksAndRejections (internal/process/next_tick.js:76:17)

npm manifest: 
  {
    "name": "musicworld",
    "version": "1.0.0",
    "main": "index.js",
    "license": "MIT",
    "dependencies": {
      "react": "^16.8.3",
      "react-dom": "^16.8.3"
    }
  }

yarn manifest: 
  No manifest

Lockfile: 
  # THIS IS AN AUTOGENERATED FILE. DO NOT EDIT THIS FILE DIRECTLY.
  # yarn lockfile v1
  
  
  "js-tokens@^3.0.0 || ^4.0.0":
    version "4.0.0"
    resolved "https://registry.yarnpkg.com/js-tokens/-/js-tokens-4.0.0.tgz#19203fb59991df98e3a287050d4647cdeaf32499"
  
  loose-envify@^1.1.0, loose-envify@^1.4.0:
    version "1.4.0"
    resolved "https://registry.yarnpkg.com/loose-envify/-/loose-envify-1.4.0.tgz#71ee51fa7be4caec1a63839f7e682d8132d30caf"
    dependencies:
      js-tokens "^3.0.0 || ^4.0.0"
  
  object-assign@^4.1.1:
    version "4.1.1"
    resolved "https://registry.yarnpkg.com/object-assign/-/object-assign-4.1.1.tgz#2109adc7965887cfc05cbbd442cac8bfbb360863"
  
  prop-types@^15.6.2:
    version "15.7.2"
    resolved "https://registry.yarnpkg.com/prop-types/-/prop-types-15.7.2.tgz#52c41e75b8c87e72b9d9360e0206b99dcbffa6c5"
    dependencies:
      loose-envify "^1.4.0"
      object-assign "^4.1.1"
      react-is "^16.8.1"
  
  react-dom@^16.8.3:
    version "16.8.3"
    resolved "https://registry.yarnpkg.com/react-dom/-/react-dom-16.8.3.tgz#ae236029e66210783ac81999d3015dfc475b9c32"
    dependencies:
      loose-envify "^1.1.0"
      object-assign "^4.1.1"
      prop-types "^15.6.2"
      scheduler "^0.13.3"
  
  react-is@^16.8.1:
    version "16.8.3"
    resolved "https://registry.yarnpkg.com/react-is/-/react-is-16.8.3.tgz#4ad8b029c2a718fc0cfc746c8d4e1b7221e5387d"
  
  react@^16.8.3:
    version "16.8.3"
    resolved "https://registry.yarnpkg.com/react/-/react-16.8.3.tgz#c6f988a2ce895375de216edcfaedd6b9a76451d9"
    dependencies:
      loose-envify "^1.1.0"
      object-assign "^4.1.1"
      prop-types "^15.6.2"
      scheduler "^0.13.3"
  
  scheduler@^0.13.3:
    version "0.13.3"
    resolved "https://registry.yarnpkg.com/scheduler/-/scheduler-0.13.3.tgz#bed3c5850f62ea9c716a4d781f9daeb9b2a58896"
    dependencies:
      loose-envify "^1.1.0"
      object-assign "^4.1.1"
